2024-12-12 13:38:24 [DEBUG] [state]: North: 
2024-12-12 13:38:24 [DEBUG] [state]: S  :tensor([0., 0., 0., 1., 0., 0., 1., 0., 1., 0., 0., 0., 1.])
2024-12-12 13:38:24 [DEBUG] [state]: H  :tensor([0., 0., 0., 0., 0., 1., 0., 0., 1., 0., 1., 0., 0.])
2024-12-12 13:38:24 [DEBUG] [state]: D  :tensor([0., 0., 0., 0., 0., 0., 0., 1., 0., 0., 0., 1., 0.])
2024-12-12 13:38:24 [DEBUG] [state]: C  :tensor([0., 0., 0., 0., 1., 1., 1., 0., 0., 1., 0., 0., 0.])
2024-12-12 13:38:24 [DEBUG] [state]: HCP:tensor([1., 0., 0., 0., 1.])
2024-12-12 13:38:24 [DEBUG] [state]: len:tensor([4., 3., 2., 4.])
2024-12-12 13:38:24 [DEBUG] [state]: bal:1.0
2024-12-12 13:38:24 [DEBUG] [state]: vul:tensor([0., 0., 1., 0.])
2024-12-12 13:38:24 [DEBUG] [state]: East: 
2024-12-12 13:38:24 [DEBUG] [state]: S  :tensor([0., 0., 1., 0., 0., 0., 0., 0., 0., 0., 0., 1., 0.])
2024-12-12 13:38:24 [DEBUG] [state]: H  :tensor([0., 0., 1., 1., 0., 0., 0., 0., 0., 0., 0., 0., 0.])
2024-12-12 13:38:24 [DEBUG] [state]: D  :tensor([0., 1., 0., 0., 0., 0., 0., 0., 1., 1., 1., 0., 0.])
2024-12-12 13:38:24 [DEBUG] [state]: C  :tensor([0., 1., 0., 0., 0., 0., 0., 0., 1., 0., 1., 1., 1.])
2024-12-12 13:38:24 [DEBUG] [state]: HCP:tensor([ 2.,  3.,  3.,  3., 11.])
2024-12-12 13:38:24 [DEBUG] [state]: len:tensor([2., 2., 4., 5.])
2024-12-12 13:38:24 [DEBUG] [state]: bal:1.0
2024-12-12 13:38:24 [DEBUG] [state]: vul:tensor([0., 0., 1., 0.])
2024-12-12 13:38:24 [DEBUG] [state]: South: 
2024-12-12 13:38:24 [DEBUG] [state]: S  :tensor([1., 1., 0., 0., 0., 0., 0., 1., 0., 0., 1., 0., 0.])
2024-12-12 13:38:24 [DEBUG] [state]: H  :tensor([0., 0., 0., 0., 1., 0., 1., 0., 0., 0., 0., 1., 0.])
2024-12-12 13:38:24 [DEBUG] [state]: D  :tensor([1., 0., 1., 0., 1., 0., 0., 0., 0., 0., 0., 0., 0.])
2024-12-12 13:38:24 [DEBUG] [state]: C  :tensor([1., 0., 1., 0., 0., 0., 0., 1., 0., 0., 0., 0., 0.])
2024-12-12 13:38:24 [DEBUG] [state]: HCP:tensor([ 7.,  0.,  6.,  6., 19.])
2024-12-12 13:38:24 [DEBUG] [state]: len:tensor([4., 3., 3., 3.])
2024-12-12 13:38:24 [DEBUG] [state]: bal:1.0
2024-12-12 13:38:24 [DEBUG] [state]: vul:tensor([0., 0., 1., 0.])
2024-12-12 13:38:24 [DEBUG] [state]: West: 
2024-12-12 13:38:24 [DEBUG] [state]: S  :tensor([0., 0., 0., 0., 1., 1., 0., 0., 0., 1., 0., 0., 0.])
2024-12-12 13:38:24 [DEBUG] [state]: H  :tensor([1., 1., 0., 0., 0., 0., 0., 1., 0., 1., 0., 0., 1.])
2024-12-12 13:38:24 [DEBUG] [state]: D  :tensor([0., 0., 0., 1., 0., 1., 1., 0., 0., 0., 0., 0., 1.])
2024-12-12 13:38:24 [DEBUG] [state]: C  :tensor([0., 0., 0., 1., 0., 0., 0., 0., 0., 0., 0., 0., 0.])
2024-12-12 13:38:24 [DEBUG] [state]: HCP:tensor([0., 7., 1., 1., 9.])
2024-12-12 13:38:24 [DEBUG] [state]: len:tensor([3., 5., 4., 1.])
2024-12-12 13:38:24 [DEBUG] [state]: bal:0.0
2024-12-12 13:38:24 [DEBUG] [state]: vul:tensor([0., 0., 1., 0.])
2024-12-12 13:38:24 [DEBUG] [state]: features sequence: tensor([])
2024-12-12 13:38:24 [DEBUG] [state]: last doubled: 0
2024-12-12 13:38:24 [DEBUG] [state]: last bid: 0
2024-12-12 13:38:24 [DEBUG] [state]: last pass: 0
2024-12-12 13:38:24 [DEBUG] [state]: dealer: 3
2024-12-12 13:38:24 [DEBUG] [state]: agent team: 1
2024-12-12 13:39:53 [DEBUG] [state]: North: 
2024-12-12 13:39:53 [DEBUG] [state]: S  :tensor([1., 0., 1., 0., 0., 0., 0., 1., 1., 1., 0., 0., 1.])
2024-12-12 13:39:53 [DEBUG] [state]: H  :tensor([1., 0., 0., 0., 0., 0., 0., 0., 0., 0., 0., 0., 0.])
2024-12-12 13:39:53 [DEBUG] [state]: D  :tensor([1., 0., 0., 1., 0., 0., 0., 0., 0., 0., 1., 0., 0.])
2024-12-12 13:39:53 [DEBUG] [state]: C  :tensor([1., 0., 0., 0., 0., 0., 0., 1., 0., 0., 1., 0., 0.])
2024-12-12 13:39:53 [DEBUG] [state]: HCP:tensor([ 6.,  4.,  5.,  4., 19.])
2024-12-12 13:39:53 [DEBUG] [state]: len:tensor([6., 1., 3., 3.])
2024-12-12 13:39:53 [DEBUG] [state]: bal:0.0
2024-12-12 13:39:53 [DEBUG] [state]: vul:tensor([0., 1., 0., 0.])
2024-12-12 13:39:53 [DEBUG] [state]: East: 
2024-12-12 13:39:53 [DEBUG] [state]: S  :tensor([0., 0., 0., 0., 0., 0., 0., 0., 0., 0., 1., 0., 0.])
2024-12-12 13:39:53 [DEBUG] [state]: H  :tensor([0., 1., 0., 0., 1., 0., 0., 0., 0., 1., 1., 0., 1.])
2024-12-12 13:39:53 [DEBUG] [state]: D  :tensor([0., 1., 0., 0., 0., 1., 0., 1., 1., 0., 0., 1., 0.])
2024-12-12 13:39:53 [DEBUG] [state]: C  :tensor([0., 0., 0., 0., 1., 0., 0., 0., 0., 0., 0., 0., 1.])
2024-12-12 13:39:53 [DEBUG] [state]: HCP:tensor([0., 3., 3., 0., 6.])
2024-12-12 13:39:53 [DEBUG] [state]: len:tensor([1., 5., 5., 2.])
2024-12-12 13:39:53 [DEBUG] [state]: bal:0.0
2024-12-12 13:39:53 [DEBUG] [state]: vul:tensor([0., 1., 0., 0.])
2024-12-12 13:39:53 [DEBUG] [state]: South: 
2024-12-12 13:39:53 [DEBUG] [state]: S  :tensor([0., 0., 0., 0., 1., 0., 0., 0., 0., 0., 0., 1., 0.])
2024-12-12 13:39:53 [DEBUG] [state]: H  :tensor([0., 0., 1., 1., 0., 0., 1., 1., 1., 0., 0., 0., 0.])
2024-12-12 13:39:53 [DEBUG] [state]: D  :tensor([0., 0., 1., 0., 1., 0., 0., 0., 0., 1., 0., 0., 0.])
2024-12-12 13:39:53 [DEBUG] [state]: C  :tensor([0., 0., 1., 0., 0., 0., 1., 0., 0., 0., 0., 1., 0.])
2024-12-12 13:39:53 [DEBUG] [state]: HCP:tensor([0., 3., 2., 2., 7.])
2024-12-12 13:39:53 [DEBUG] [state]: len:tensor([2., 5., 3., 3.])
2024-12-12 13:39:53 [DEBUG] [state]: bal:1.0
2024-12-12 13:39:53 [DEBUG] [state]: vul:tensor([0., 1., 0., 0.])
2024-12-12 13:39:53 [DEBUG] [state]: West: 
2024-12-12 13:39:53 [DEBUG] [state]: S  :tensor([0., 1., 0., 1., 0., 1., 1., 0., 0., 0., 0., 0., 0.])
2024-12-12 13:39:53 [DEBUG] [state]: H  :tensor([0., 0., 0., 0., 0., 1., 0., 0., 0., 0., 0., 1., 0.])
2024-12-12 13:39:53 [DEBUG] [state]: D  :tensor([0., 0., 0., 0., 0., 0., 1., 0., 0., 0., 0., 0., 1.])
2024-12-12 13:39:53 [DEBUG] [state]: C  :tensor([0., 1., 0., 1., 0., 1., 0., 0., 1., 1., 0., 0., 0.])
2024-12-12 13:39:53 [DEBUG] [state]: HCP:tensor([4., 0., 0., 4., 8.])
2024-12-12 13:39:53 [DEBUG] [state]: len:tensor([4., 2., 2., 5.])
2024-12-12 13:39:53 [DEBUG] [state]: bal:1.0
2024-12-12 13:39:53 [DEBUG] [state]: vul:tensor([0., 1., 0., 0.])
2024-12-12 13:39:53 [DEBUG] [state]: features sequence: tensor([])
2024-12-12 13:39:53 [DEBUG] [state]: last doubled: 0
2024-12-12 13:39:53 [DEBUG] [state]: last bid: 0
2024-12-12 13:39:53 [DEBUG] [state]: last pass: 0
2024-12-12 13:39:53 [DEBUG] [state]: dealer: 0
2024-12-12 13:39:53 [DEBUG] [state]: agent team: 1
2024-12-12 13:40:28 [DEBUG] [state]: North: 
2024-12-12 13:40:28 [DEBUG] [state]: S  :tensor([1., 0., 0., 0., 1., 0., 0., 0., 1., 0., 1., 0., 0.])
2024-12-12 13:40:28 [DEBUG] [state]: H  :tensor([0., 0., 0., 0., 0., 0., 1., 0., 0., 1., 1., 1., 1.])
2024-12-12 13:40:28 [DEBUG] [state]: D  :tensor([1., 0., 0., 0., 0., 0., 0., 0., 0., 0., 0., 0., 0.])
2024-12-12 13:40:28 [DEBUG] [state]: C  :tensor([0., 0., 0., 1., 0., 1., 0., 1., 0., 0., 0., 0., 0.])
2024-12-12 13:40:28 [DEBUG] [state]: HCP:tensor([4., 0., 4., 1., 9.])
2024-12-12 13:40:28 [DEBUG] [state]: len:tensor([4., 5., 1., 3.])
2024-12-12 13:40:28 [DEBUG] [state]: bal:0.0
2024-12-12 13:40:28 [DEBUG] [state]: vul:tensor([0., 0., 0., 1.])
2024-12-12 13:40:28 [DEBUG] [state]: East: 
2024-12-12 13:40:28 [DEBUG] [state]: S  :tensor([0., 0., 1., 0., 0., 1., 0., 1., 0., 1., 0., 0., 0.])
2024-12-12 13:40:28 [DEBUG] [state]: H  :tensor([0., 0., 1., 0., 0., 0., 0., 0., 0., 0., 0., 0., 0.])
2024-12-12 13:40:28 [DEBUG] [state]: D  :tensor([0., 0., 1., 0., 1., 0., 1., 0., 0., 0., 1., 1., 0.])
2024-12-12 13:40:28 [DEBUG] [state]: C  :tensor([1., 0., 0., 0., 0., 0., 1., 0., 0., 0., 0., 1., 0.])
2024-12-12 13:40:28 [DEBUG] [state]: HCP:tensor([ 2.,  2.,  2.,  4., 10.])
2024-12-12 13:40:28 [DEBUG] [state]: len:tensor([4., 1., 5., 3.])
2024-12-12 13:40:28 [DEBUG] [state]: bal:0.0
2024-12-12 13:40:28 [DEBUG] [state]: vul:tensor([1., 0., 0., 0.])
2024-12-12 13:40:28 [DEBUG] [state]: South: 
2024-12-12 13:40:28 [DEBUG] [state]: S  :tensor([0., 0., 0., 1., 0., 0., 1., 0., 0., 0., 0., 0., 1.])
2024-12-12 13:40:28 [DEBUG] [state]: H  :tensor([1., 1., 0., 1., 1., 1., 0., 0., 0., 0., 0., 0., 0.])
2024-12-12 13:40:28 [DEBUG] [state]: D  :tensor([0., 0., 0., 1., 0., 0., 0., 0., 1., 0., 0., 0., 1.])
2024-12-12 13:40:28 [DEBUG] [state]: C  :tensor([0., 0., 0., 0., 0., 0., 0., 0., 0., 0., 1., 0., 1.])
2024-12-12 13:40:28 [DEBUG] [state]: HCP:tensor([ 1.,  8.,  1.,  0., 10.])
2024-12-12 13:40:28 [DEBUG] [state]: len:tensor([3., 5., 3., 2.])
2024-12-12 13:40:28 [DEBUG] [state]: bal:1.0
2024-12-12 13:40:28 [DEBUG] [state]: vul:tensor([0., 0., 0., 1.])
2024-12-12 13:40:28 [DEBUG] [state]: West: 
2024-12-12 13:40:28 [DEBUG] [state]: S  :tensor([0., 1., 0., 0., 0., 0., 0., 0., 0., 0., 0., 1., 0.])
2024-12-12 13:40:28 [DEBUG] [state]: H  :tensor([0., 0., 0., 0., 0., 0., 0., 1., 1., 0., 0., 0., 0.])
2024-12-12 13:40:28 [DEBUG] [state]: D  :tensor([0., 1., 0., 0., 0., 1., 0., 1., 0., 1., 0., 0., 0.])
2024-12-12 13:40:28 [DEBUG] [state]: C  :tensor([0., 1., 1., 0., 1., 0., 0., 0., 1., 1., 0., 0., 0.])
2024-12-12 13:40:28 [DEBUG] [state]: HCP:tensor([ 3.,  0.,  3.,  5., 11.])
2024-12-12 13:40:28 [DEBUG] [state]: len:tensor([2., 2., 4., 5.])
2024-12-12 13:40:28 [DEBUG] [state]: bal:1.0
2024-12-12 13:40:28 [DEBUG] [state]: vul:tensor([1., 0., 0., 0.])
2024-12-12 13:40:28 [DEBUG] [state]: features sequence: tensor([])
2024-12-12 13:40:28 [DEBUG] [state]: last doubled: 0
2024-12-12 13:40:28 [DEBUG] [state]: last bid: 0
2024-12-12 13:40:28 [DEBUG] [state]: last pass: 0
2024-12-12 13:40:28 [DEBUG] [state]: dealer: 3
2024-12-12 13:40:28 [DEBUG] [state]: agent team: 1
2024-12-12 13:42:34 [DEBUG] [state]: North: 
2024-12-12 13:42:34 [DEBUG] [state]: S  :tensor([1., 1., 1., 0., 0., 0., 0., 0., 0., 0., 1., 0., 1.])
2024-12-12 13:42:34 [DEBUG] [state]: H  :tensor([0., 0., 0., 0., 0., 0., 1., 1., 0., 0., 0., 0., 1.])
2024-12-12 13:42:34 [DEBUG] [state]: D  :tensor([0., 0., 0., 1., 0., 0., 0., 0., 0., 0., 0., 0., 0.])
2024-12-12 13:42:34 [DEBUG] [state]: C  :tensor([0., 0., 0., 1., 1., 1., 0., 0., 0., 0., 0., 1., 0.])
2024-12-12 13:42:34 [DEBUG] [state]: HCP:tensor([ 9.,  0.,  1.,  1., 11.])
2024-12-12 13:42:34 [DEBUG] [state]: len:tensor([5., 3., 1., 4.])
2024-12-12 13:42:34 [DEBUG] [state]: bal:0.0
2024-12-12 13:42:34 [DEBUG] [state]: vul:tensor([0., 0., 1., 0.])
2024-12-12 13:42:34 [DEBUG] [state]: East: 
2024-12-12 13:42:34 [DEBUG] [state]: S  :tensor([0., 0., 0., 1., 0., 0., 0., 0., 0., 1., 0., 1., 0.])
2024-12-12 13:42:34 [DEBUG] [state]: H  :tensor([0., 0., 0., 1., 0., 0., 0., 0., 0., 1., 0., 0., 0.])
2024-12-12 13:42:34 [DEBUG] [state]: D  :tensor([0., 0., 1., 0., 1., 0., 1., 0., 0., 0., 0., 1., 0.])
2024-12-12 13:42:34 [DEBUG] [state]: C  :tensor([0., 0., 0., 0., 0., 0., 1., 1., 0., 0., 1., 0., 1.])
2024-12-12 13:42:34 [DEBUG] [state]: HCP:tensor([1., 1., 2., 0., 4.])
2024-12-12 13:42:34 [DEBUG] [state]: len:tensor([3., 2., 4., 4.])
2024-12-12 13:42:34 [DEBUG] [state]: bal:1.0
2024-12-12 13:42:34 [DEBUG] [state]: vul:tensor([0., 0., 1., 0.])
2024-12-12 13:42:34 [DEBUG] [state]: South: 
2024-12-12 13:42:34 [DEBUG] [state]: S  :tensor([0., 0., 0., 0., 1., 1., 1., 0., 0., 0., 0., 0., 0.])
2024-12-12 13:42:34 [DEBUG] [state]: H  :tensor([1., 0., 0., 0., 0., 1., 0., 0., 1., 0., 1., 0., 0.])
2024-12-12 13:42:34 [DEBUG] [state]: D  :tensor([0., 0., 0., 0., 0., 1., 0., 0., 0., 0., 0., 0., 1.])
2024-12-12 13:42:34 [DEBUG] [state]: C  :tensor([1., 1., 1., 0., 0., 0., 0., 0., 0., 1., 0., 0., 0.])
2024-12-12 13:42:34 [DEBUG] [state]: HCP:tensor([ 0.,  4.,  0.,  9., 13.])
2024-12-12 13:42:34 [DEBUG] [state]: len:tensor([3., 4., 2., 4.])
2024-12-12 13:42:34 [DEBUG] [state]: bal:1.0
2024-12-12 13:42:34 [DEBUG] [state]: vul:tensor([0., 0., 1., 0.])
2024-12-12 13:42:34 [DEBUG] [state]: West: 
2024-12-12 13:42:34 [DEBUG] [state]: S  :tensor([0., 0., 0., 0., 0., 0., 0., 1., 1., 0., 0., 0., 0.])
2024-12-12 13:42:34 [DEBUG] [state]: H  :tensor([0., 1., 1., 0., 1., 0., 0., 0., 0., 0., 0., 1., 0.])
2024-12-12 13:42:34 [DEBUG] [state]: D  :tensor([1., 1., 0., 0., 0., 0., 0., 1., 1., 1., 1., 0., 0.])
2024-12-12 13:42:34 [DEBUG] [state]: C  :tensor([0., 0., 0., 0., 0., 0., 0., 0., 1., 0., 0., 0., 0.])
2024-12-12 13:42:34 [DEBUG] [state]: HCP:tensor([ 0.,  5.,  7.,  0., 12.])
2024-12-12 13:42:34 [DEBUG] [state]: len:tensor([2., 4., 6., 1.])
2024-12-12 13:42:34 [DEBUG] [state]: bal:0.0
2024-12-12 13:42:34 [DEBUG] [state]: vul:tensor([0., 0., 1., 0.])
2024-12-12 13:42:34 [DEBUG] [state]: features sequence: tensor([])
2024-12-12 13:42:34 [DEBUG] [state]: last doubled: 0
2024-12-12 13:42:34 [DEBUG] [state]: last bid: 0
2024-12-12 13:42:34 [DEBUG] [state]: last pass: 0
2024-12-12 13:42:34 [DEBUG] [state]: dealer: 0
2024-12-12 13:42:34 [DEBUG] [state]: agent team: 0
2024-12-12 13:43:32 [DEBUG] [state]: North: 
2024-12-12 13:43:32 [DEBUG] [state]: S  :tensor([1., 0., 0., 0., 1., 0., 0., 0., 0., 0., 0., 0., 0.])
2024-12-12 13:43:32 [DEBUG] [state]: H  :tensor([1., 0., 1., 0., 0., 1., 0., 0., 0., 1., 0., 1., 0.])
2024-12-12 13:43:32 [DEBUG] [state]: D  :tensor([0., 0., 0., 1., 0., 0., 0., 0., 0., 0., 0., 1., 0.])
2024-12-12 13:43:32 [DEBUG] [state]: C  :tensor([0., 0., 0., 0., 1., 1., 0., 0., 0., 0., 0., 1., 1.])
2024-12-12 13:43:32 [DEBUG] [state]: HCP:tensor([ 4.,  6.,  1.,  0., 11.])
2024-12-12 13:43:32 [DEBUG] [state]: len:tensor([2., 5., 2., 4.])
2024-12-12 13:43:32 [DEBUG] [state]: bal:1.0
2024-12-12 13:43:32 [DEBUG] [state]: vul:tensor([0., 0., 1., 0.])
2024-12-12 13:43:32 [DEBUG] [state]: East: 
2024-12-12 13:43:32 [DEBUG] [state]: S  :tensor([0., 0., 0., 0., 0., 0., 1., 1., 0., 1., 1., 0., 0.])
2024-12-12 13:43:32 [DEBUG] [state]: H  :tensor([0., 1., 0., 1., 0., 0., 1., 1., 0., 0., 1., 0., 0.])
2024-12-12 13:43:32 [DEBUG] [state]: D  :tensor([1., 0., 0., 0., 0., 0., 1., 0., 0., 0., 0., 0., 0.])
2024-12-12 13:43:32 [DEBUG] [state]: C  :tensor([0., 0., 0., 0., 0., 0., 1., 0., 1., 0., 0., 0., 0.])
2024-12-12 13:43:32 [DEBUG] [state]: HCP:tensor([0., 4., 4., 0., 8.])
2024-12-12 13:43:32 [DEBUG] [state]: len:tensor([4., 5., 2., 2.])
2024-12-12 13:43:32 [DEBUG] [state]: bal:1.0
2024-12-12 13:43:32 [DEBUG] [state]: vul:tensor([0., 0., 1., 0.])
2024-12-12 13:43:32 [DEBUG] [state]: South: 
2024-12-12 13:43:32 [DEBUG] [state]: S  :tensor([0., 1., 0., 0., 0., 1., 0., 0., 1., 0., 0., 1., 1.])
2024-12-12 13:43:32 [DEBUG] [state]: H  :tensor([0., 0., 0., 0., 0., 0., 0., 0., 0., 0., 0., 0., 1.])
2024-12-12 13:43:32 [DEBUG] [state]: D  :tensor([0., 1., 1., 0., 1., 1., 0., 0., 1., 0., 0., 0., 0.])
2024-12-12 13:43:32 [DEBUG] [state]: C  :tensor([0., 0., 0., 1., 0., 0., 0., 0., 0., 0., 1., 0., 0.])
2024-12-12 13:43:32 [DEBUG] [state]: HCP:tensor([3., 0., 5., 1., 9.])
2024-12-12 13:43:32 [DEBUG] [state]: len:tensor([5., 1., 5., 2.])
2024-12-12 13:43:32 [DEBUG] [state]: bal:0.0
2024-12-12 13:43:32 [DEBUG] [state]: vul:tensor([0., 0., 1., 0.])
2024-12-12 13:43:32 [DEBUG] [state]: West: 
2024-12-12 13:43:32 [DEBUG] [state]: S  :tensor([0., 0., 1., 1., 0., 0., 0., 0., 0., 0., 0., 0., 0.])
2024-12-12 13:43:32 [DEBUG] [state]: H  :tensor([0., 0., 0., 0., 1., 0., 0., 0., 1., 0., 0., 0., 0.])
2024-12-12 13:43:32 [DEBUG] [state]: D  :tensor([0., 0., 0., 0., 0., 0., 0., 1., 0., 1., 1., 0., 1.])
2024-12-12 13:43:32 [DEBUG] [state]: C  :tensor([1., 1., 1., 0., 0., 0., 0., 1., 0., 1., 0., 0., 0.])
2024-12-12 13:43:32 [DEBUG] [state]: HCP:tensor([ 3.,  0.,  0.,  9., 12.])
2024-12-12 13:43:32 [DEBUG] [state]: len:tensor([2., 2., 4., 5.])
2024-12-12 13:43:32 [DEBUG] [state]: bal:1.0
2024-12-12 13:43:32 [DEBUG] [state]: vul:tensor([0., 0., 1., 0.])
2024-12-12 13:43:32 [DEBUG] [state]: features sequence: tensor([])
2024-12-12 13:43:32 [DEBUG] [state]: last doubled: 0
2024-12-12 13:43:32 [DEBUG] [state]: last bid: 0
2024-12-12 13:43:32 [DEBUG] [state]: last pass: 0
2024-12-12 13:43:32 [DEBUG] [state]: dealer: 1
2024-12-12 13:43:32 [DEBUG] [state]: agent team: 1
2024-12-12 13:44:12 [DEBUG] [state]: North: 
2024-12-12 13:44:12 [DEBUG] [state]: S  :tensor([0., 0., 0., 1., 0., 0., 0., 0., 0., 0., 1., 0., 0.])
2024-12-12 13:44:12 [DEBUG] [state]: H  :tensor([0., 0., 1., 1., 1., 0., 1., 0., 1., 0., 0., 1., 0.])
2024-12-12 13:44:12 [DEBUG] [state]: D  :tensor([1., 1., 0., 0., 0., 0., 0., 0., 0., 0., 0., 0., 0.])
2024-12-12 13:44:12 [DEBUG] [state]: C  :tensor([0., 0., 1., 0., 1., 0., 0., 0., 0., 0., 0., 1., 0.])
2024-12-12 13:44:12 [DEBUG] [state]: HCP:tensor([ 1.,  3.,  7.,  2., 13.])
2024-12-12 13:44:12 [DEBUG] [state]: len:tensor([2., 6., 2., 3.])
2024-12-12 13:44:12 [DEBUG] [state]: bal:1.0
2024-12-12 13:44:12 [DEBUG] [state]: vul:tensor([0., 0., 1., 0.])
2024-12-12 13:44:12 [DEBUG] [state]: East: 
2024-12-12 13:44:12 [DEBUG] [state]: S  :tensor([0., 0., 0., 0., 1., 0., 1., 1., 0., 1., 0., 1., 0.])
2024-12-12 13:44:12 [DEBUG] [state]: H  :tensor([0., 0., 0., 0., 0., 1., 0., 0., 0., 0., 1., 0., 1.])
2024-12-12 13:44:12 [DEBUG] [state]: D  :tensor([0., 0., 0., 0., 0., 1., 0., 0., 0., 0., 0., 1., 0.])
2024-12-12 13:44:12 [DEBUG] [state]: C  :tensor([1., 1., 0., 0., 0., 0., 0., 1., 0., 0., 0., 0., 0.])
2024-12-12 13:44:12 [DEBUG] [state]: HCP:tensor([0., 0., 0., 7., 7.])
2024-12-12 13:44:12 [DEBUG] [state]: len:tensor([5., 3., 2., 3.])
2024-12-12 13:44:12 [DEBUG] [state]: bal:1.0
2024-12-12 13:44:12 [DEBUG] [state]: vul:tensor([0., 0., 1., 0.])
2024-12-12 13:44:12 [DEBUG] [state]: South: 
2024-12-12 13:44:12 [DEBUG] [state]: S  :tensor([1., 0., 1., 0., 0., 0., 0., 0., 1., 0., 0., 0., 1.])
2024-12-12 13:44:12 [DEBUG] [state]: H  :tensor([1., 1., 0., 0., 0., 0., 0., 0., 0., 0., 0., 0., 0.])
2024-12-12 13:44:12 [DEBUG] [state]: D  :tensor([0., 0., 0., 0., 1., 0., 1., 1., 1., 0., 1., 0., 0.])
2024-12-12 13:44:12 [DEBUG] [state]: C  :tensor([0., 0., 0., 0., 0., 0., 0., 0., 0., 1., 1., 0., 0.])
2024-12-12 13:44:12 [DEBUG] [state]: HCP:tensor([ 6.,  7.,  0.,  0., 13.])
2024-12-12 13:44:12 [DEBUG] [state]: len:tensor([4., 2., 5., 2.])
2024-12-12 13:44:12 [DEBUG] [state]: bal:1.0
2024-12-12 13:44:12 [DEBUG] [state]: vul:tensor([0., 0., 1., 0.])
2024-12-12 13:44:12 [DEBUG] [state]: West: 
2024-12-12 13:44:12 [DEBUG] [state]: S  :tensor([0., 1., 0., 0., 0., 1., 0., 0., 0., 0., 0., 0., 0.])
2024-12-12 13:44:12 [DEBUG] [state]: H  :tensor([0., 0., 0., 0., 0., 0., 0., 1., 0., 1., 0., 0., 0.])
2024-12-12 13:44:12 [DEBUG] [state]: D  :tensor([0., 0., 1., 1., 0., 0., 0., 0., 0., 1., 0., 0., 1.])
2024-12-12 13:44:12 [DEBUG] [state]: C  :tensor([0., 0., 0., 1., 0., 1., 1., 0., 1., 0., 0., 0., 1.])
2024-12-12 13:44:12 [DEBUG] [state]: HCP:tensor([3., 0., 3., 1., 7.])
2024-12-12 13:44:12 [DEBUG] [state]: len:tensor([2., 2., 4., 5.])
2024-12-12 13:44:12 [DEBUG] [state]: bal:1.0
2024-12-12 13:44:12 [DEBUG] [state]: vul:tensor([0., 0., 1., 0.])
2024-12-12 13:44:12 [DEBUG] [state]: features sequence: tensor([])
2024-12-12 13:44:12 [DEBUG] [state]: last doubled: 0
2024-12-12 13:44:12 [DEBUG] [state]: last bid: 0
2024-12-12 13:44:12 [DEBUG] [state]: last pass: 0
2024-12-12 13:44:12 [DEBUG] [state]: dealer: 2
2024-12-12 13:44:12 [DEBUG] [state]: agent team: 0
2024-12-12 13:44:12 [DEBUG] [reward]: calculating imp loss, given state: 
2024-12-12 13:44:12 [DEBUG] [reward]: pbn: N:J4.QJT863.AK.QT3 T8753.942.93.AK7 AQ62.AK.T8764.54 K9.75.QJ52.J9862
2024-12-12 13:44:12 [DEBUG] [reward]: vul: [0, 0]
2024-12-12 13:44:12 [DEBUG] [reward]: suit = 2, level = -1, doubled = -1, dealer = 3, view = 2
2024-12-12 13:44:12 [DEBUG] [reward]: imp loss = 0
2024-12-12 13:44:12 [DEBUG] [reward]: calculating imp loss, given state: 
2024-12-12 13:44:12 [DEBUG] [reward]: pbn: N:J4.QJT863.AK.QT3 T8753.942.93.AK7 AQ62.AK.T8764.54 K9.75.QJ52.J9862
2024-12-12 13:44:12 [DEBUG] [reward]: vul: [0, 0]
2024-12-12 13:44:12 [DEBUG] [reward]: suit = 2, level = -1, doubled = -1, dealer = 0, view = 1
2024-12-12 13:44:12 [DEBUG] [reward]: imp loss = 0
2024-12-12 14:27:43 [DEBUG] [state]: North: 
2024-12-12 14:27:43 [DEBUG] [state]: S  :tensor([1., 0., 1., 0., 1., 0., 0., 0., 0., 0., 0., 0., 0.])
2024-12-12 14:27:43 [DEBUG] [state]: H  :tensor([1., 1., 0., 0., 0., 0., 0., 1., 0., 0., 0., 1., 0.])
2024-12-12 14:27:43 [DEBUG] [state]: D  :tensor([0., 0., 0., 0., 0., 0., 0., 0., 0., 0., 1., 0., 1.])
2024-12-12 14:27:43 [DEBUG] [state]: C  :tensor([0., 0., 0., 0., 1., 0., 0., 0., 1., 1., 1., 0., 0.])
2024-12-12 14:27:43 [DEBUG] [state]: HCP:tensor([ 6.,  7.,  0.,  0., 13.])
2024-12-12 14:27:43 [DEBUG] [state]: len:tensor([3., 4., 2., 4.])
2024-12-12 14:27:43 [DEBUG] [state]: bal:1.0
2024-12-12 14:27:43 [DEBUG] [state]: vul:tensor([1., 0., 0., 0.])
2024-12-12 14:27:43 [DEBUG] [state]: East: 
2024-12-12 14:27:43 [DEBUG] [state]: S  :tensor([0., 0., 0., 1., 0., 0., 0., 0., 0., 0., 0., 1., 1.])
2024-12-12 14:27:43 [DEBUG] [state]: H  :tensor([0., 0., 0., 1., 0., 0., 0., 0., 1., 0., 0., 0., 0.])
2024-12-12 14:27:43 [DEBUG] [state]: D  :tensor([0., 1., 1., 0., 0., 0., 1., 1., 0., 1., 0., 1., 0.])
2024-12-12 14:27:43 [DEBUG] [state]: C  :tensor([1., 0., 0., 0., 0., 0., 1., 0., 0., 0., 0., 0., 0.])
2024-12-12 14:27:43 [DEBUG] [state]: HCP:tensor([ 1.,  1.,  5.,  4., 11.])
2024-12-12 14:27:43 [DEBUG] [state]: len:tensor([3., 2., 6., 2.])
2024-12-12 14:27:43 [DEBUG] [state]: bal:1.0
2024-12-12 14:27:43 [DEBUG] [state]: vul:tensor([0., 0., 0., 1.])
2024-12-12 14:27:43 [DEBUG] [state]: South: 
2024-12-12 14:27:43 [DEBUG] [state]: S  :tensor([0., 0., 0., 0., 0., 1., 1., 1., 0., 1., 0., 0., 0.])
2024-12-12 14:27:43 [DEBUG] [state]: H  :tensor([0., 0., 1., 0., 1., 1., 0., 0., 0., 1., 0., 0., 0.])
2024-12-12 14:27:43 [DEBUG] [state]: D  :tensor([0., 0., 0., 0., 0., 1., 0., 0., 1., 0., 0., 0., 0.])
2024-12-12 14:27:43 [DEBUG] [state]: C  :tensor([0., 0., 1., 1., 0., 0., 0., 0., 0., 0., 0., 1., 0.])
2024-12-12 14:27:43 [DEBUG] [state]: HCP:tensor([0., 2., 0., 3., 5.])
2024-12-12 14:27:43 [DEBUG] [state]: len:tensor([4., 4., 2., 3.])
2024-12-12 14:27:43 [DEBUG] [state]: bal:1.0
2024-12-12 14:27:43 [DEBUG] [state]: vul:tensor([1., 0., 0., 0.])
2024-12-12 14:27:43 [DEBUG] [state]: West: 
2024-12-12 14:27:43 [DEBUG] [state]: S  :tensor([0., 1., 0., 0., 0., 0., 0., 0., 1., 0., 1., 0., 0.])
2024-12-12 14:27:43 [DEBUG] [state]: H  :tensor([0., 0., 0., 0., 0., 0., 1., 0., 0., 0., 1., 0., 1.])
2024-12-12 14:27:43 [DEBUG] [state]: D  :tensor([1., 0., 0., 1., 1., 0., 0., 0., 0., 0., 0., 0., 0.])
2024-12-12 14:27:43 [DEBUG] [state]: C  :tensor([0., 1., 0., 0., 0., 1., 0., 1., 0., 0., 0., 0., 1.])
2024-12-12 14:27:43 [DEBUG] [state]: HCP:tensor([ 3.,  0.,  5.,  3., 11.])
2024-12-12 14:27:43 [DEBUG] [state]: len:tensor([3., 3., 3., 4.])
2024-12-12 14:27:43 [DEBUG] [state]: bal:1.0
2024-12-12 14:27:43 [DEBUG] [state]: vul:tensor([0., 0., 0., 1.])
2024-12-12 14:27:43 [DEBUG] [state]: features sequence: tensor([])
2024-12-12 14:27:43 [DEBUG] [state]: last doubled: 0
2024-12-12 14:27:43 [DEBUG] [state]: last bid: 0
2024-12-12 14:27:43 [DEBUG] [state]: last pass: 0
2024-12-12 14:27:43 [DEBUG] [state]: dealer: 2
2024-12-12 14:27:43 [DEBUG] [state]: agent team: 1
2024-12-12 14:28:25 [DEBUG] [state]: North: 
2024-12-12 14:28:25 [DEBUG] [state]: S  :tensor([0., 1., 0., 0., 1., 1., 1., 1., 0., 0., 0., 0., 1.])
2024-12-12 14:28:25 [DEBUG] [state]: H  :tensor([0., 0., 0., 1., 0., 0., 0., 0., 1., 0., 0., 0., 1.])
2024-12-12 14:28:25 [DEBUG] [state]: D  :tensor([0., 0., 1., 0., 0., 0., 0., 0., 1., 0., 0., 1., 0.])
2024-12-12 14:28:25 [DEBUG] [state]: C  :tensor([0., 0., 1., 0., 0., 0., 0., 0., 0., 0., 0., 0., 0.])
2024-12-12 14:28:25 [DEBUG] [state]: HCP:tensor([3., 1., 2., 2., 8.])
2024-12-12 14:28:25 [DEBUG] [state]: len:tensor([6., 3., 3., 1.])
2024-12-12 14:28:25 [DEBUG] [state]: bal:0.0
2024-12-12 14:28:25 [DEBUG] [state]: vul:tensor([0., 0., 1., 0.])
2024-12-12 14:28:25 [DEBUG] [state]: East: 
2024-12-12 14:28:25 [DEBUG] [state]: S  :tensor([0., 0., 0., 1., 0., 0., 0., 0., 0., 1., 0., 0., 0.])
2024-12-12 14:28:25 [DEBUG] [state]: H  :tensor([0., 0., 1., 0., 0., 0., 0., 1., 0., 0., 0., 0., 0.])
2024-12-12 14:28:25 [DEBUG] [state]: D  :tensor([1., 0., 0., 1., 0., 0., 1., 1., 0., 0., 1., 0., 0.])
2024-12-12 14:28:25 [DEBUG] [state]: C  :tensor([0., 0., 0., 1., 0., 0., 0., 1., 0., 0., 0., 1., 1.])
2024-12-12 14:28:25 [DEBUG] [state]: HCP:tensor([1., 2., 5., 1., 9.])
2024-12-12 14:28:25 [DEBUG] [state]: len:tensor([2., 2., 5., 4.])
2024-12-12 14:28:25 [DEBUG] [state]: bal:1.0
2024-12-12 14:28:25 [DEBUG] [state]: vul:tensor([0., 0., 1., 0.])
2024-12-12 14:28:25 [DEBUG] [state]: South: 
2024-12-12 14:28:25 [DEBUG] [state]: S  :tensor([0., 0., 1., 0., 0., 0., 0., 0., 1., 0., 0., 0., 0.])
2024-12-12 14:28:25 [DEBUG] [state]: H  :tensor([0., 1., 0., 0., 0., 0., 1., 0., 0., 1., 0., 0., 0.])
2024-12-12 14:28:25 [DEBUG] [state]: D  :tensor([0., 1., 0., 0., 1., 1., 0., 0., 0., 1., 0., 0., 1.])
2024-12-12 14:28:25 [DEBUG] [state]: C  :tensor([0., 1., 0., 0., 1., 1., 0., 0., 0., 0., 0., 0., 0.])
2024-12-12 14:28:25 [DEBUG] [state]: HCP:tensor([ 2.,  3.,  3.,  3., 11.])
2024-12-12 14:28:25 [DEBUG] [state]: len:tensor([2., 3., 5., 3.])
2024-12-12 14:28:25 [DEBUG] [state]: bal:1.0
2024-12-12 14:28:25 [DEBUG] [state]: vul:tensor([0., 0., 1., 0.])
2024-12-12 14:28:25 [DEBUG] [state]: West: 
2024-12-12 14:28:25 [DEBUG] [state]: S  :tensor([1., 0., 0., 0., 0., 0., 0., 0., 0., 0., 1., 1., 0.])
2024-12-12 14:28:25 [DEBUG] [state]: H  :tensor([1., 0., 0., 0., 1., 1., 0., 0., 0., 0., 1., 1., 0.])
2024-12-12 14:28:25 [DEBUG] [state]: D  :tensor([0., 0., 0., 0., 0., 0., 0., 0., 0., 0., 0., 0., 0.])
2024-12-12 14:28:25 [DEBUG] [state]: C  :tensor([1., 0., 0., 0., 0., 0., 1., 0., 1., 1., 1., 0., 0.])
2024-12-12 14:28:25 [DEBUG] [state]: HCP:tensor([ 4.,  4.,  0.,  4., 12.])
2024-12-12 14:28:25 [DEBUG] [state]: len:tensor([3., 5., 0., 5.])
2024-12-12 14:28:25 [DEBUG] [state]: bal:0.0
2024-12-12 14:28:25 [DEBUG] [state]: vul:tensor([0., 0., 1., 0.])
2024-12-12 14:28:25 [DEBUG] [state]: features sequence: tensor([])
2024-12-12 14:28:25 [DEBUG] [state]: last doubled: 0
2024-12-12 14:28:25 [DEBUG] [state]: last bid: 0
2024-12-12 14:28:25 [DEBUG] [state]: last pass: 0
2024-12-12 14:28:25 [DEBUG] [state]: dealer: 1
2024-12-12 14:28:25 [DEBUG] [state]: agent team: 0
2024-12-12 14:29:30 [DEBUG] [state]: North: 
2024-12-12 14:29:30 [DEBUG] [state]: S  :tensor([0., 0., 0., 0., 0., 1., 0., 0., 0., 1., 1., 0., 0.])
2024-12-12 14:29:30 [DEBUG] [state]: H  :tensor([0., 0., 0., 0., 0., 0., 0., 0., 1., 0., 0., 0., 1.])
2024-12-12 14:29:30 [DEBUG] [state]: D  :tensor([0., 0., 0., 0., 1., 0., 0., 0., 0., 1., 0., 1., 0.])
2024-12-12 14:29:30 [DEBUG] [state]: C  :tensor([0., 0., 1., 1., 0., 0., 1., 0., 1., 1., 0., 0., 0.])
2024-12-12 14:29:30 [DEBUG] [state]: HCP:tensor([0., 0., 0., 3., 3.])
2024-12-12 14:29:30 [DEBUG] [state]: len:tensor([3., 2., 3., 5.])
2024-12-12 14:29:30 [DEBUG] [state]: bal:1.0
2024-12-12 14:29:30 [DEBUG] [state]: vul:tensor([1., 0., 0., 0.])
2024-12-12 14:29:30 [DEBUG] [state]: East: 
2024-12-12 14:29:30 [DEBUG] [state]: S  :tensor([0., 0., 1., 0., 1., 0., 1., 0., 0., 0., 0., 0., 0.])
2024-12-12 14:29:30 [DEBUG] [state]: H  :tensor([1., 1., 1., 0., 0., 1., 0., 1., 0., 0., 0., 1., 0.])
2024-12-12 14:29:30 [DEBUG] [state]: D  :tensor([0., 0., 0., 0., 0., 0., 1., 0., 0., 0., 0., 0., 1.])
2024-12-12 14:29:30 [DEBUG] [state]: C  :tensor([1., 0., 0., 0., 0., 0., 0., 1., 0., 0., 0., 0., 0.])
2024-12-12 14:29:30 [DEBUG] [state]: HCP:tensor([ 2.,  9.,  0.,  4., 15.])
2024-12-12 14:29:30 [DEBUG] [state]: len:tensor([3., 6., 2., 2.])
2024-12-12 14:29:30 [DEBUG] [state]: bal:1.0
2024-12-12 14:29:30 [DEBUG] [state]: vul:tensor([0., 0., 0., 1.])
2024-12-12 14:29:30 [DEBUG] [state]: South: 
2024-12-12 14:29:30 [DEBUG] [state]: S  :tensor([0., 1., 0., 0., 0., 0., 0., 0., 0., 0., 0., 1., 0.])
2024-12-12 14:29:30 [DEBUG] [state]: H  :tensor([0., 0., 0., 0., 1., 0., 1., 0., 0., 0., 1., 0., 0.])
2024-12-12 14:29:30 [DEBUG] [state]: D  :tensor([0., 1., 1., 0., 0., 1., 0., 1., 1., 0., 0., 0., 0.])
2024-12-12 14:29:30 [DEBUG] [state]: C  :tensor([0., 1., 0., 0., 0., 0., 0., 0., 0., 0., 0., 1., 1.])
2024-12-12 14:29:30 [DEBUG] [state]: HCP:tensor([ 3.,  0.,  5.,  3., 11.])
2024-12-12 14:29:30 [DEBUG] [state]: len:tensor([2., 3., 5., 3.])
2024-12-12 14:29:30 [DEBUG] [state]: bal:1.0
2024-12-12 14:29:30 [DEBUG] [state]: vul:tensor([1., 0., 0., 0.])
2024-12-12 14:29:30 [DEBUG] [state]: West: 
2024-12-12 14:29:30 [DEBUG] [state]: S  :tensor([1., 0., 0., 1., 0., 0., 0., 1., 1., 0., 0., 0., 1.])
2024-12-12 14:29:30 [DEBUG] [state]: H  :tensor([0., 0., 0., 1., 0., 0., 0., 0., 0., 1., 0., 0., 0.])
2024-12-12 14:29:30 [DEBUG] [state]: D  :tensor([1., 0., 0., 1., 0., 0., 0., 0., 0., 0., 1., 0., 0.])
2024-12-12 14:29:30 [DEBUG] [state]: C  :tensor([0., 0., 0., 0., 1., 1., 0., 0., 0., 0., 1., 0., 0.])
2024-12-12 14:29:30 [DEBUG] [state]: HCP:tensor([ 5.,  1.,  5.,  0., 11.])
2024-12-12 14:29:30 [DEBUG] [state]: len:tensor([5., 2., 3., 3.])
2024-12-12 14:29:30 [DEBUG] [state]: bal:1.0
2024-12-12 14:29:30 [DEBUG] [state]: vul:tensor([0., 0., 0., 1.])
2024-12-12 14:29:30 [DEBUG] [state]: features sequence: tensor([])
2024-12-12 14:29:30 [DEBUG] [state]: last doubled: 0
2024-12-12 14:29:30 [DEBUG] [state]: last bid: 0
2024-12-12 14:29:30 [DEBUG] [state]: last pass: 0
2024-12-12 14:29:30 [DEBUG] [state]: dealer: 3
2024-12-12 14:29:30 [DEBUG] [state]: agent team: 1
2024-12-12 14:30:58 [DEBUG] [state]: North: 
2024-12-12 14:30:58 [DEBUG] [state]: S  :tensor([0., 0., 0., 1., 1., 0., 0., 1., 0., 0., 0., 0., 0.])
2024-12-12 14:30:58 [DEBUG] [state]: H  :tensor([1., 0., 0., 0., 0., 0., 1., 0., 0., 0., 1., 1., 1.])
2024-12-12 14:30:58 [DEBUG] [state]: D  :tensor([0., 0., 0., 0., 0., 0., 0., 0., 0., 0., 0., 1., 0.])
2024-12-12 14:30:58 [DEBUG] [state]: C  :tensor([0., 0., 0., 1., 1., 0., 1., 0., 0., 1., 0., 0., 0.])
2024-12-12 14:30:58 [DEBUG] [state]: HCP:tensor([1., 4., 0., 1., 6.])
2024-12-12 14:30:58 [DEBUG] [state]: len:tensor([3., 5., 1., 4.])
2024-12-12 14:30:58 [DEBUG] [state]: bal:0.0
2024-12-12 14:30:58 [DEBUG] [state]: vul:tensor([1., 0., 0., 0.])
2024-12-12 14:30:58 [DEBUG] [state]: East: 
2024-12-12 14:30:58 [DEBUG] [state]: S  :tensor([0., 0., 1., 0., 0., 1., 0., 0., 1., 0., 1., 1., 0.])
2024-12-12 14:30:58 [DEBUG] [state]: H  :tensor([0., 1., 0., 0., 0., 1., 0., 0., 1., 0., 0., 0., 0.])
2024-12-12 14:30:58 [DEBUG] [state]: D  :tensor([0., 0., 0., 1., 1., 0., 0., 0., 0., 0., 0., 0., 1.])
2024-12-12 14:30:58 [DEBUG] [state]: C  :tensor([0., 0., 0., 0., 0., 1., 0., 1., 0., 0., 0., 0., 0.])
2024-12-12 14:30:58 [DEBUG] [state]: HCP:tensor([2., 3., 1., 0., 6.])
2024-12-12 14:30:58 [DEBUG] [state]: len:tensor([5., 3., 3., 2.])
2024-12-12 14:30:58 [DEBUG] [state]: bal:1.0
2024-12-12 14:30:58 [DEBUG] [state]: vul:tensor([0., 0., 0., 1.])
2024-12-12 14:30:58 [DEBUG] [state]: South: 
2024-12-12 14:30:58 [DEBUG] [state]: S  :tensor([0., 0., 0., 0., 0., 0., 0., 0., 0., 1., 0., 0., 1.])
2024-12-12 14:30:58 [DEBUG] [state]: H  :tensor([0., 0., 0., 0., 1., 0., 0., 0., 0., 1., 0., 0., 0.])
2024-12-12 14:30:58 [DEBUG] [state]: D  :tensor([0., 0., 0., 0., 0., 1., 1., 1., 1., 0., 0., 0., 0.])
2024-12-12 14:30:58 [DEBUG] [state]: C  :tensor([0., 1., 0., 0., 0., 0., 0., 0., 1., 0., 1., 1., 1.])
2024-12-12 14:30:58 [DEBUG] [state]: HCP:tensor([0., 0., 0., 3., 3.])
2024-12-12 14:30:58 [DEBUG] [state]: len:tensor([2., 2., 4., 5.])
2024-12-12 14:30:58 [DEBUG] [state]: bal:1.0
2024-12-12 14:30:58 [DEBUG] [state]: vul:tensor([1., 0., 0., 0.])
2024-12-12 14:30:58 [DEBUG] [state]: West: 
2024-12-12 14:30:58 [DEBUG] [state]: S  :tensor([1., 1., 0., 0., 0., 0., 1., 0., 0., 0., 0., 0., 0.])
2024-12-12 14:30:58 [DEBUG] [state]: H  :tensor([0., 0., 1., 1., 0., 0., 0., 1., 0., 0., 0., 0., 0.])
2024-12-12 14:30:58 [DEBUG] [state]: D  :tensor([1., 1., 1., 0., 0., 0., 0., 0., 0., 1., 1., 0., 0.])
2024-12-12 14:30:58 [DEBUG] [state]: C  :tensor([1., 0., 1., 0., 0., 0., 0., 0., 0., 0., 0., 0., 0.])
2024-12-12 14:30:58 [DEBUG] [state]: HCP:tensor([ 7.,  3.,  9.,  6., 25.])
2024-12-12 14:30:58 [DEBUG] [state]: len:tensor([3., 3., 5., 2.])
2024-12-12 14:30:58 [DEBUG] [state]: bal:1.0
2024-12-12 14:30:58 [DEBUG] [state]: vul:tensor([0., 0., 0., 1.])
2024-12-12 14:30:59 [DEBUG] [state]: features sequence: tensor([])
2024-12-12 14:30:59 [DEBUG] [state]: last doubled: 0
2024-12-12 14:30:59 [DEBUG] [state]: last bid: 0
2024-12-12 14:30:59 [DEBUG] [state]: last pass: 0
2024-12-12 14:30:59 [DEBUG] [state]: dealer: 3
2024-12-12 14:30:59 [DEBUG] [state]: agent team: 1
